<?xml version="1.0" encoding="UTF-8"?>
<testsuite xmlns:xsi="http://www.w3.org/2001/XMLSchema-instance" xsi:noNamespaceSchemaLocation="https://maven.apache.org/surefire/maven-surefire-plugin/xsd/surefire-test-report.xsd" name="runner.TestRunner" time="33.034" tests="21" errors="0" skipped="0" failures="0">
  <properties>
    <property name="java.runtime.name" value="Java(TM) SE Runtime Environment"/>
    <property name="sun.boot.library.path" value="C:\Program Files\Java\jdk1.8.0_301\jre\bin"/>
    <property name="java.vm.version" value="25.301-b09"/>
    <property name="java.vm.vendor" value="Oracle Corporation"/>
    <property name="maven.multiModuleProjectDirectory" value="D:\Eclipse\ApiAutomation"/>
    <property name="java.vendor.url" value="http://java.oracle.com/"/>
    <property name="path.separator" value=";"/>
    <property name="guice.disable.misplaced.annotation.check" value="true"/>
    <property name="java.vm.name" value="Java HotSpot(TM) 64-Bit Server VM"/>
    <property name="file.encoding.pkg" value="sun.io"/>
    <property name="user.script" value=""/>
    <property name="user.country" value="US"/>
    <property name="sun.java.launcher" value="SUN_STANDARD"/>
    <property name="sun.os.patch.level" value=""/>
    <property name="java.vm.specification.name" value="Java Virtual Machine Specification"/>
    <property name="user.dir" value="D:\Eclipse\ApiAutomation"/>
    <property name="java.runtime.version" value="1.8.0_301-b09"/>
    <property name="java.awt.graphicsenv" value="sun.awt.Win32GraphicsEnvironment"/>
    <property name="java.endorsed.dirs" value="C:\Program Files\Java\jdk1.8.0_301\jre\lib\endorsed"/>
    <property name="os.arch" value="amd64"/>
    <property name="java.io.tmpdir" value="C:\Users\kurel\AppData\Local\Temp\"/>
    <property name="line.separator" value="&#10;"/>
    <property name="java.vm.specification.vendor" value="Oracle Corporation"/>
    <property name="user.variant" value=""/>
    <property name="os.name" value="Windows 10"/>
    <property name="classworlds.conf" value="D:\apache-maven-3.8.2\bin\m2.conf"/>
    <property name="sun.jnu.encoding" value="Cp1252"/>
    <property name="java.library.path" value="C:\Program Files\Java\jdk1.8.0_301\bin;C:\WINDOWS\Sun\Java\bin;C:\WINDOWS\system32;C:\WINDOWS;C:\WINDOWS\system32;C:\WINDOWS;C:\WINDOWS\System32\Wbem;C:\WINDOWS\System32\WindowsPowerShell\v1.0\;C:\Program Files\Git\cmd;C:\WINDOWS\System32\OpenSSH\;C:\Users\kurel\AppData\Local\Microsoft\WindowsApps;C:\Program Files\Java\jdk1.8.0_301\bin;D:\apache-maven-3.8.2\bin;C:\Program Files\Git\bin;;."/>
    <property name="maven.conf" value="D:\apache-maven-3.8.2/conf"/>
    <property name="java.specification.name" value="Java Platform API Specification"/>
    <property name="java.class.version" value="52.0"/>
    <property name="sun.management.compiler" value="HotSpot 64-Bit Tiered Compilers"/>
    <property name="os.version" value="10.0"/>
    <property name="user.home" value="C:\Users\kurel"/>
    <property name="user.timezone" value="Asia/Calcutta"/>
    <property name="java.awt.printerjob" value="sun.awt.windows.WPrinterJob"/>
    <property name="java.specification.version" value="1.8"/>
    <property name="file.encoding" value="Cp1252"/>
    <property name="user.name" value="kurel"/>
    <property name="java.class.path" value="D:\apache-maven-3.8.2\boot\plexus-classworlds-2.6.0.jar"/>
    <property name="java.vm.specification.version" value="1.8"/>
    <property name="sun.arch.data.model" value="64"/>
    <property name="java.home" value="C:\Program Files\Java\jdk1.8.0_301\jre"/>
    <property name="sun.java.command" value="org.codehaus.plexus.classworlds.launcher.Launcher test"/>
    <property name="java.specification.vendor" value="Oracle Corporation"/>
    <property name="user.language" value="en"/>
    <property name="awt.toolkit" value="sun.awt.windows.WToolkit"/>
    <property name="java.vm.info" value="mixed mode"/>
    <property name="java.version" value="1.8.0_301"/>
    <property name="java.ext.dirs" value="C:\Program Files\Java\jdk1.8.0_301\jre\lib\ext;C:\WINDOWS\Sun\Java\lib\ext"/>
    <property name="sun.boot.class.path" value="C:\Program Files\Java\jdk1.8.0_301\jre\lib\resources.jar;C:\Program Files\Java\jdk1.8.0_301\jre\lib\rt.jar;C:\Program Files\Java\jdk1.8.0_301\jre\lib\sunrsasign.jar;C:\Program Files\Java\jdk1.8.0_301\jre\lib\jsse.jar;C:\Program Files\Java\jdk1.8.0_301\jre\lib\jce.jar;C:\Program Files\Java\jdk1.8.0_301\jre\lib\charsets.jar;C:\Program Files\Java\jdk1.8.0_301\jre\lib\jfr.jar;C:\Program Files\Java\jdk1.8.0_301\jre\classes"/>
    <property name="sun.stderr.encoding" value="cp437"/>
    <property name="java.vendor" value="Oracle Corporation"/>
    <property name="maven.home" value="D:\apache-maven-3.8.2"/>
    <property name="file.separator" value="\"/>
    <property name="java.vendor.url.bug" value="http://bugreport.sun.com/bugreport/"/>
    <property name="sun.cpu.endian" value="little"/>
    <property name="sun.io.unicode.encoding" value="UnicodeLittle"/>
    <property name="sun.stdout.encoding" value="cp437"/>
    <property name="sun.desktop" value="windows"/>
    <property name="sun.cpu.isalist" value="amd64"/>
  </properties>
  <testcase name="WhyMeds - Monograph - Happy path of accepting the correct Get, Key, Value, Company ID, and NDC #1" classname="WhyMeds - Monograph" time="4.634"/>
  <testcase name="WhyMeds - Monograph - Happy path of accepting the correct Get, Key, Value, Company ID, and NDC #2" classname="WhyMeds - Monograph" time="1.472"/>
  <testcase name="WhyMeds - Monograph - Happy path of accepting the correct Get, Key, Value, Company ID, and NDC #3" classname="WhyMeds - Monograph" time="1.56"/>
  <testcase name="WhyMeds - Monograph - Happy path of accepting the correct Get, Key, Value, Company ID, and NDC #4" classname="WhyMeds - Monograph" time="1.063"/>
  <testcase name="WhyMeds - Monograph - Happy path of accepting the correct Get, Key, Value, Company ID, and NDC #5" classname="WhyMeds - Monograph" time="1.521"/>
  <testcase name="WhyMeds - Monograph - Happy path of accepting the correct Get, Key, Value, Company ID, and NDC #6" classname="WhyMeds - Monograph" time="1.064"/>
  <testcase name="WhyMeds - Monograph - Happy path of accepting the correct Get, Key, Value, Company ID, and NDC #7" classname="WhyMeds - Monograph" time="1.509"/>
  <testcase name="WhyMeds - Monograph - Happy path of accepting the correct Get, Key, Value, Company ID, and NDC #8" classname="WhyMeds - Monograph" time="0.975"/>
  <testcase name="WhyMeds - Monograph - Happy path of accepting the correct Get, Key, Value, Company ID, and NDC #9" classname="WhyMeds - Monograph" time="1.448"/>
  <testcase name="WhyMeds - Monograph - Happy path of accepting the correct Get, Key, Value, Company ID, and NDC #10" classname="WhyMeds - Monograph" time="1.808"/>
  <testcase name="WhyMeds - Monograph - Happy path of accepting the correct Get, Key, Value, Company ID, and NDC #11" classname="WhyMeds - Monograph" time="1.498"/>
  <testcase name="WhyMeds - Monograph - Happy path of accepting the correct Get, Key, Value, Company ID, and NDC #12" classname="WhyMeds - Monograph" time="1.376"/>
  <testcase name="WhyMeds - Monograph - Happy path of accepting the correct Get, Key, Value, Company ID, and NDC #13" classname="WhyMeds - Monograph" time="1.439"/>
  <testcase name="WhyMeds - Monograph - Happy path of accepting the correct Get, Key, Value, Company ID, and NDC #14" classname="WhyMeds - Monograph" time="1.505"/>
  <testcase name="WhyMeds - Monograph - Happy path of accepting the correct Get, Key, Value, Company ID, and NDC #15" classname="WhyMeds - Monograph" time="0.873"/>
  <testcase name="WhyMeds - Monograph - Happy path of accepting the correct Get, Key, Value, Company ID, and NDC #16" classname="WhyMeds - Monograph" time="1.448"/>
  <testcase name="WhyMeds - Monograph - Happy path of accepting the correct Get, Key, Value, Company ID, and NDC #17" classname="WhyMeds - Monograph" time="1.344"/>
  <testcase name="WhyMeds - Monograph - Incomplete path of using the wrong Get" classname="WhyMeds - Monograph" time="1.783"/>
  <testcase name="WhyMeds - Monograph  - Incomplete path of using correct Get but blank NDC" classname="WhyMeds - Monograph" time="0.978"/>
  <testcase name="WhyMeds - Monograph - Incomplete path of using the wrong Keys/Values, but correct Post" classname="WhyMeds - Monograph" time="0.481"/>
  <testcase name="WhyMeds Monograph" classname="WhyMeds - Monograph" time="0.967"/>
</testsuite>